<?xml version="1.0" encoding="UTF-8"?>
<!-- Generated by org.testng.reporters.JUnitReportReporter -->
<testsuite hostname="LAPTOP-8PSJV9MJ" failures="0" tests="1" name="com.inetbanking.testCases.TC_LoginTest_001" time="9.825" errors="0" timestamp="2022-06-29T22:10:44 IST" skipped="0">
  <testcase classname="com.inetbanking.testCases.TC_LoginTest_001" name="loginTest" time="9.825"/>
  <system-out/>
</testsuite> <!-- com.inetbanking.testCases.TC_LoginTest_001 -->
